# JRE version: Java(TM) SE Runtime Environment (8.0_73-b02) (build 1.8.0_73-b02)
# Java VM: Java HotSpot(TM) 64-Bit Server VM (25.73-b02 mixed mode linux-amd64 compressed oops)
Heap:
 PSYoungGen      total 27136K, used 5210K [0x00000000e1800000, 0x00000000e4d80000, 0x0000000100000000)
  eden space 24064K, 10% used [0x00000000e1800000,0x00000000e1a5a958,0x00000000e2f80000)
  from space 3072K, 91% used [0x00000000e4a80000,0x00000000e4d3c010,0x00000000e4d80000)
  to   space 3584K, 0% used [0x00000000e4680000,0x00000000e4680000,0x00000000e4a00000)
 ParOldGen       total 62976K, used 15616K [0x00000000a4800000, 0x00000000a8580000, 0x00000000e1800000)
  object space 62976K, 24% used [0x00000000a4800000,0x00000000a5740020,0x00000000a8580000)
 Metaspace       used 14654K, capacity 14906K, committed 15232K, reserved 1062912K
  class space    used 1797K, capacity 1867K, committed 1920K, reserved 1048576K
GC Heap History (4 events):
Event: 0.758 GC heap before
{Heap before GC invocations=1 (full 0):
 PSYoungGen      total 27648K, used 24064K [0x00000000e1800000, 0x00000000e3680000, 0x0000000100000000)
  eden space 24064K, 100% used [0x00000000e1800000,0x00000000e2f80000,0x00000000e2f80000)
  from space 3584K, 0% used [0x00000000e3300000,0x00000000e3300000,0x00000000e3680000)
  to   space 3584K, 0% used [0x00000000e2f80000,0x00000000e2f80000,0x00000000e3300000)
 ParOldGen       total 62976K, used 0K [0x00000000a4800000, 0x00000000a8580000, 0x00000000e1800000)
  object space 62976K, 0% used [0x00000000a4800000,0x00000000a4800000,0x00000000a8580000)
 Metaspace       used 9924K, capacity 10114K, committed 10240K, reserved 1058816K
  class space    used 1139K, capacity 1221K, committed 1280K, reserved 1048576K
Event: 0.767 GC heap after
Heap after GC invocations=1 (full 0):
 PSYoungGen      total 27648K, used 2098K [0x00000000e1800000, 0x00000000e4e00000, 0x0000000100000000)
  eden space 24064K, 0% used [0x00000000e1800000,0x00000000e1800000,0x00000000e2f80000)
  from space 3584K, 58% used [0x00000000e2f80000,0x00000000e318c820,0x00000000e3300000)
  to   space 3584K, 0% used [0x00000000e4a80000,0x00000000e4a80000,0x00000000e4e00000)
 ParOldGen       total 62976K, used 7508K [0x00000000a4800000, 0x00000000a8580000, 0x00000000e1800000)
  object space 62976K, 11% used [0x00000000a4800000,0x00000000a4f55010,0x00000000a8580000)
 Metaspace       used 9924K, capacity 10114K, committed 10240K, reserved 1058816K
  class space    used 1139K, capacity 1221K, committed 1280K, reserved 1048576K
}
Event: 22.985 GC heap before
{Heap before GC invocations=2 (full 0):
 PSYoungGen      total 27648K, used 26162K [0x00000000e1800000, 0x00000000e4e00000, 0x0000000100000000)
  eden space 24064K, 100% used [0x00000000e1800000,0x00000000e2f80000,0x00000000e2f80000)
  from space 3584K, 58% used [0x00000000e2f80000,0x00000000e318c820,0x00000000e3300000)
  to   space 3584K, 0% used [0x00000000e4a80000,0x00000000e4a80000,0x00000000e4e00000)
 ParOldGen       total 62976K, used 7508K [0x00000000a4800000, 0x00000000a8580000, 0x00000000e1800000)
  object space 62976K, 11% used [0x00000000a4800000,0x00000000a4f55010,0x00000000a8580000)
 Metaspace       used 14517K, capacity 14772K, committed 14976K, reserved 1062912K
  class space    used 1789K, capacity 1866K, committed 1920K, reserved 1048576K
Event: 22.994 GC heap after
Heap after GC invocations=2 (full 0):
 PSYoungGen      total 27136K, used 2800K [0x00000000e1800000, 0x00000000e4d80000, 0x0000000100000000)
  eden space 24064K, 0% used [0x00000000e1800000,0x00000000e1800000,0x00000000e2f80000)
  from space 3072K, 91% used [0x00000000e4a80000,0x00000000e4d3c010,0x00000000e4d80000)
  to   space 3584K, 0% used [0x00000000e4680000,0x00000000e4680000,0x00000000e4a00000)
 ParOldGen       total 62976K, used 15616K [0x00000000a4800000, 0x00000000a8580000, 0x00000000e1800000)
  object space 62976K, 24% used [0x00000000a4800000,0x00000000a5740020,0x00000000a8580000)
 Metaspace       used 14517K, capacity 14772K, committed 14976K, reserved 1062912K
  class space    used 1789K, capacity 1866K, committed 1920K, reserved 1048576K
}

